mode: atomic
github.com/ministryofjustice/cloud-platform-label-pods/init_app/init_app.go:8.42,18.2 5 0
github.com/ministryofjustice/cloud-platform-label-pods/init_app/init_env_vars.go:7.27,10.41 3 0
github.com/ministryofjustice/cloud-platform-label-pods/init_app/init_env_vars.go:10.41,13.3 2 0
github.com/ministryofjustice/cloud-platform-label-pods/init_app/init_env_vars.go:15.2,15.19 1 0
github.com/ministryofjustice/cloud-platform-label-pods/main.go:9.13,16.16 4 0
github.com/ministryofjustice/cloud-platform-label-pods/main.go:16.16,18.3 1 0
github.com/ministryofjustice/cloud-platform-label-pods/pkg/get_team/get-team-name.go:33.90,34.32 1 0
github.com/ministryofjustice/cloud-platform-label-pods/pkg/get_team/get-team-name.go:34.32,40.17 5 0
github.com/ministryofjustice/cloud-platform-label-pods/pkg/get_team/get-team-name.go:40.17,42.4 1 0
github.com/ministryofjustice/cloud-platform-label-pods/pkg/get_team/get-team-name.go:44.3,45.17 2 0
github.com/ministryofjustice/cloud-platform-label-pods/pkg/get_team/get-team-name.go:45.17,47.4 1 0
github.com/ministryofjustice/cloud-platform-label-pods/pkg/get_team/get-team-name.go:49.3,49.27 1 0
github.com/ministryofjustice/cloud-platform-label-pods/pkg/get_team/get-team-name.go:49.27,51.4 1 0
github.com/ministryofjustice/cloud-platform-label-pods/pkg/get_team/get-team-name.go:53.3,53.24 1 0
github.com/ministryofjustice/cloud-platform-label-pods/pkg/get_team/get-team-name.go:57.45,59.16 2 0
github.com/ministryofjustice/cloud-platform-label-pods/pkg/get_team/get-team-name.go:59.16,61.3 1 0
github.com/ministryofjustice/cloud-platform-label-pods/pkg/get_team/get-team-name.go:63.2,64.16 2 0
github.com/ministryofjustice/cloud-platform-label-pods/pkg/get_team/get-team-name.go:64.16,66.3 1 0
github.com/ministryofjustice/cloud-platform-label-pods/pkg/get_team/get-team-name.go:68.2,69.20 2 0
github.com/ministryofjustice/cloud-platform-label-pods/pkg/get_team/get-team-name.go:69.20,71.3 1 0
github.com/ministryofjustice/cloud-platform-label-pods/pkg/get_team/get-team-name.go:73.2,73.31 1 0
github.com/ministryofjustice/cloud-platform-label-pods/pkg/get_team/get-team-name.go:76.83,80.16 3 0
github.com/ministryofjustice/cloud-platform-label-pods/pkg/get_team/get-team-name.go:80.16,82.3 1 0
github.com/ministryofjustice/cloud-platform-label-pods/pkg/get_team/get-team-name.go:84.2,84.40 1 0
github.com/ministryofjustice/cloud-platform-label-pods/pkg/get_team/get-team-name.go:84.40,85.36 1 0
github.com/ministryofjustice/cloud-platform-label-pods/pkg/get_team/get-team-name.go:85.36,86.46 1 0
github.com/ministryofjustice/cloud-platform-label-pods/pkg/get_team/get-team-name.go:86.46,89.28 2 0
github.com/ministryofjustice/cloud-platform-label-pods/pkg/get_team/get-team-name.go:89.28,91.14 2 0
github.com/ministryofjustice/cloud-platform-label-pods/pkg/get_team/get-team-name.go:93.5,93.43 1 0
github.com/ministryofjustice/cloud-platform-label-pods/pkg/get_team/get-team-name.go:98.2,98.23 1 0
github.com/ministryofjustice/cloud-platform-label-pods/routes/init.go:13.32,16.41 2 0
github.com/ministryofjustice/cloud-platform-label-pods/routes/init.go:16.41,18.3 1 0
github.com/ministryofjustice/cloud-platform-label-pods/routes/init.go:21.32,32.2 3 0
github.com/ministryofjustice/cloud-platform-label-pods/routes/mutate.go:13.35,14.45 1 0
github.com/ministryofjustice/cloud-platform-label-pods/routes/mutate.go:14.45,18.17 3 0
github.com/ministryofjustice/cloud-platform-label-pods/routes/mutate.go:18.17,25.4 2 0
github.com/ministryofjustice/cloud-platform-label-pods/routes/mutate.go:27.3,30.17 3 0
github.com/ministryofjustice/cloud-platform-label-pods/routes/mutate.go:30.17,37.4 2 0
github.com/ministryofjustice/cloud-platform-label-pods/routes/mutate.go:39.3,40.22 2 0
github.com/ministryofjustice/cloud-platform-label-pods/routes/mutate.go:40.22,47.4 2 0
github.com/ministryofjustice/cloud-platform-label-pods/pkg/mutate/mutate.go:15.118,24.16 5 2
github.com/ministryofjustice/cloud-platform-label-pods/pkg/mutate/mutate.go:24.16,26.3 1 0
github.com/ministryofjustice/cloud-platform-label-pods/pkg/mutate/mutate.go:27.2,27.26 1 2
github.com/ministryofjustice/cloud-platform-label-pods/pkg/mutate/mutate.go:30.144,52.21 7 1
github.com/ministryofjustice/cloud-platform-label-pods/pkg/mutate/mutate.go:52.21,59.3 2 0
github.com/ministryofjustice/cloud-platform-label-pods/pkg/mutate/mutate.go:61.2,71.21 5 1
github.com/ministryofjustice/cloud-platform-label-pods/pkg/mutate/mutate.go:71.21,73.3 1 0
github.com/ministryofjustice/cloud-platform-label-pods/pkg/mutate/mutate.go:75.2,85.16 5 1
github.com/ministryofjustice/cloud-platform-label-pods/pkg/mutate/mutate.go:85.16,87.3 1 0
github.com/ministryofjustice/cloud-platform-label-pods/pkg/mutate/mutate.go:89.2,89.26 1 1
github.com/ministryofjustice/cloud-platform-label-pods/pkg/mutate/mutate.go:92.81,104.57 6 4
github.com/ministryofjustice/cloud-platform-label-pods/pkg/mutate/mutate.go:104.57,106.3 1 1
github.com/ministryofjustice/cloud-platform-label-pods/pkg/mutate/mutate.go:108.2,110.19 2 3
github.com/ministryofjustice/cloud-platform-label-pods/pkg/mutate/mutate.go:110.19,112.21 2 1
github.com/ministryofjustice/cloud-platform-label-pods/pkg/mutate/mutate.go:112.21,114.4 1 0
github.com/ministryofjustice/cloud-platform-label-pods/pkg/mutate/mutate.go:115.3,116.27 2 1
github.com/ministryofjustice/cloud-platform-label-pods/pkg/mutate/mutate.go:119.2,121.64 2 2
github.com/ministryofjustice/cloud-platform-label-pods/pkg/mutate/mutate.go:121.64,123.21 2 1
github.com/ministryofjustice/cloud-platform-label-pods/pkg/mutate/mutate.go:123.21,125.4 1 0
github.com/ministryofjustice/cloud-platform-label-pods/pkg/mutate/mutate.go:126.3,127.27 2 1
github.com/ministryofjustice/cloud-platform-label-pods/pkg/mutate/mutate.go:130.2,130.28 1 1
github.com/ministryofjustice/cloud-platform-label-pods/pkg/mutate/mutate.go:130.28,132.3 1 0
github.com/ministryofjustice/cloud-platform-label-pods/pkg/mutate/mutate.go:134.2,137.20 3 1
github.com/ministryofjustice/cloud-platform-label-pods/pkg/mutate/mutate.go:137.20,139.3 1 0
github.com/ministryofjustice/cloud-platform-label-pods/pkg/mutate/mutate.go:141.2,143.26 2 1
github.com/ministryofjustice/cloud-platform-label-pods/utils/contains.go:3.47,4.28 1 0
github.com/ministryofjustice/cloud-platform-label-pods/utils/contains.go:4.28,5.16 1 0
github.com/ministryofjustice/cloud-platform-label-pods/utils/contains.go:5.16,7.4 1 0
github.com/ministryofjustice/cloud-platform-label-pods/utils/contains.go:9.2,9.14 1 0
github.com/ministryofjustice/cloud-platform-label-pods/utils/response.go:16.54,18.31 2 4
github.com/ministryofjustice/cloud-platform-label-pods/utils/response.go:18.31,21.3 2 1
github.com/ministryofjustice/cloud-platform-label-pods/utils/response.go:21.8,21.42 1 3
github.com/ministryofjustice/cloud-platform-label-pods/utils/response.go:21.42,24.3 2 1
github.com/ministryofjustice/cloud-platform-label-pods/utils/response.go:24.8,24.36 1 2
github.com/ministryofjustice/cloud-platform-label-pods/utils/response.go:24.36,27.3 2 1
github.com/ministryofjustice/cloud-platform-label-pods/utils/response.go:28.2,28.27 1 1
