mode: atomic
github.com/ministryofjustice/cloud-platform-label-pods/utils/contains.go:3.47,4.28 1 0
github.com/ministryofjustice/cloud-platform-label-pods/utils/contains.go:4.28,5.16 1 0
github.com/ministryofjustice/cloud-platform-label-pods/utils/contains.go:5.16,7.4 1 0
github.com/ministryofjustice/cloud-platform-label-pods/utils/contains.go:9.2,9.14 1 0
github.com/ministryofjustice/cloud-platform-label-pods/utils/response.go:16.54,18.31 2 4
github.com/ministryofjustice/cloud-platform-label-pods/utils/response.go:18.31,21.3 2 1
github.com/ministryofjustice/cloud-platform-label-pods/utils/response.go:21.8,21.42 1 3
github.com/ministryofjustice/cloud-platform-label-pods/utils/response.go:21.42,24.3 2 1
github.com/ministryofjustice/cloud-platform-label-pods/utils/response.go:24.8,24.36 1 2
github.com/ministryofjustice/cloud-platform-label-pods/utils/response.go:24.36,27.3 2 1
github.com/ministryofjustice/cloud-platform-label-pods/utils/response.go:28.2,28.27 1 1
github.com/ministryofjustice/cloud-platform-label-pods/pkg/mutate/mutate.go:15.118,24.16 5 2
github.com/ministryofjustice/cloud-platform-label-pods/pkg/mutate/mutate.go:24.16,26.3 1 0
github.com/ministryofjustice/cloud-platform-label-pods/pkg/mutate/mutate.go:27.2,27.26 1 2
github.com/ministryofjustice/cloud-platform-label-pods/pkg/mutate/mutate.go:30.122,48.21 8 1
github.com/ministryofjustice/cloud-platform-label-pods/pkg/mutate/mutate.go:48.21,50.3 1 0
github.com/ministryofjustice/cloud-platform-label-pods/pkg/mutate/mutate.go:52.2,62.16 5 1
github.com/ministryofjustice/cloud-platform-label-pods/pkg/mutate/mutate.go:62.16,64.3 1 0
github.com/ministryofjustice/cloud-platform-label-pods/pkg/mutate/mutate.go:66.2,66.26 1 1
github.com/ministryofjustice/cloud-platform-label-pods/pkg/mutate/mutate.go:69.81,79.57 5 4
github.com/ministryofjustice/cloud-platform-label-pods/pkg/mutate/mutate.go:79.57,81.3 1 1
github.com/ministryofjustice/cloud-platform-label-pods/pkg/mutate/mutate.go:83.2,85.19 2 3
github.com/ministryofjustice/cloud-platform-label-pods/pkg/mutate/mutate.go:85.19,87.21 2 1
github.com/ministryofjustice/cloud-platform-label-pods/pkg/mutate/mutate.go:87.21,89.4 1 0
github.com/ministryofjustice/cloud-platform-label-pods/pkg/mutate/mutate.go:90.3,91.27 2 1
github.com/ministryofjustice/cloud-platform-label-pods/pkg/mutate/mutate.go:94.2,96.64 2 2
github.com/ministryofjustice/cloud-platform-label-pods/pkg/mutate/mutate.go:96.64,98.21 2 1
github.com/ministryofjustice/cloud-platform-label-pods/pkg/mutate/mutate.go:98.21,100.4 1 0
github.com/ministryofjustice/cloud-platform-label-pods/pkg/mutate/mutate.go:101.3,102.27 2 1
github.com/ministryofjustice/cloud-platform-label-pods/pkg/mutate/mutate.go:105.2,108.20 3 1
github.com/ministryofjustice/cloud-platform-label-pods/pkg/mutate/mutate.go:108.20,110.3 1 0
github.com/ministryofjustice/cloud-platform-label-pods/pkg/mutate/mutate.go:112.2,114.26 2 1
